Determining if the pthread_create exist failed with the following output:
Change Dir: /home/ccc_v1_w_NDU1M_86698/asn17210_Project_2_/asn17211_Project_2/work/catkin_ws/build/CMakeFiles/CMakeTmp

Run Build Command:/usr/bin/make "cmTryCompileExec1739500953/fast"
/usr/bin/make -f CMakeFiles/cmTryCompileExec1739500953.dir/build.make CMakeFiles/cmTryCompileExec1739500953.dir/build
make[1]: Entering directory `/home/ccc_v1_w_NDU1M_86698/asn17210_Project_2_/asn17211_Project_2/work/catkin_ws/build/CMakeFiles/CMakeTmp'
/usr/bin/cmake -E cmake_progress_report /home/ccc_v1_w_NDU1M_86698/asn17210_Project_2_/asn17211_Project_2/work/catkin_ws/build/CMakeFiles/CMakeTmp/CMakeFiles 1
Building C object CMakeFiles/cmTryCompileExec1739500953.dir/CheckSymbolExists.c.o
/usr/bin/cc    -o CMakeFiles/cmTryCompileExec1739500953.dir/CheckSymbolExists.c.o   -c /home/ccc_v1_w_NDU1M_86698/asn17210_Project_2_/asn17211_Project_2/work/catkin_ws/build/CMakeFiles/CMakeTmp/CheckSymbolExists.c
Linking C executable cmTryCompileExec1739500953
/usr/bin/cmake -E cmake_link_script CMakeFiles/cmTryCompileExec1739500953.dir/link.txt --verbose=1
/usr/bin/cc       CMakeFiles/cmTryCompileExec1739500953.dir/CheckSymbolExists.c.o  -o cmTryCompileExec1739500953 -rdynamic 
CMakeFiles/cmTryCompileExec1739500953.dir/CheckSymbolExists.c.o: In function `main':
CheckSymbolExists.c:(.text+0x16): undefined reference to `pthread_create'
collect2: error: ld returned 1 exit status
make[1]: *** [cmTryCompileExec1739500953] Error 1
make[1]: Leaving directory `/home/ccc_v1_w_NDU1M_86698/asn17210_Project_2_/asn17211_Project_2/work/catkin_ws/build/CMakeFiles/CMakeTmp'
make: *** [cmTryCompileExec1739500953/fast] Error 2

File /home/ccc_v1_w_NDU1M_86698/asn17210_Project_2_/asn17211_Project_2/work/catkin_ws/build/CMakeFiles/CMakeTmp/CheckSymbolExists.c:
/* */
#include <pthread.h>

int main(int argc, char** argv)
{
  (void)argv;
#ifndef pthread_create
  return ((int*)(&pthread_create))[argc];
#else
  (void)argc;
  return 0;
#endif
}

Determining if the function pthread_create exists in the pthreads failed with the following output:
Change Dir: /home/ccc_v1_w_NDU1M_86698/asn17210_Project_2_/asn17211_Project_2/work/catkin_ws/build/CMakeFiles/CMakeTmp

Run Build Command:/usr/bin/make "cmTryCompileExec883507930/fast"
/usr/bin/make -f CMakeFiles/cmTryCompileExec883507930.dir/build.make CMakeFiles/cmTryCompileExec883507930.dir/build
make[1]: Entering directory `/home/ccc_v1_w_NDU1M_86698/asn17210_Project_2_/asn17211_Project_2/work/catkin_ws/build/CMakeFiles/CMakeTmp'
/usr/bin/cmake -E cmake_progress_report /home/ccc_v1_w_NDU1M_86698/asn17210_Project_2_/asn17211_Project_2/work/catkin_ws/build/CMakeFiles/CMakeTmp/CMakeFiles 1
Building C object CMakeFiles/cmTryCompileExec883507930.dir/CheckFunctionExists.c.o
/usr/bin/cc   -DCHECK_FUNCTION_EXISTS=pthread_create   -o CMakeFiles/cmTryCompileExec883507930.dir/CheckFunctionExists.c.o   -c /usr/share/cmake-2.8/Modules/CheckFunctionExists.c
Linking C executable cmTryCompileExec883507930
/usr/bin/cmake -E cmake_link_script CMakeFiles/cmTryCompileExec883507930.dir/link.txt --verbose=1
/usr/bin/cc   -DCHECK_FUNCTION_EXISTS=pthread_create    CMakeFiles/cmTryCompileExec883507930.dir/CheckFunctionExists.c.o  -o cmTryCompileExec883507930 -rdynamic -lpthreads 
/usr/bin/ld: cannot find -lpthreads
collect2: error: ld returned 1 exit status
make[1]: *** [cmTryCompileExec883507930] Error 1
make[1]: Leaving directory `/home/ccc_v1_w_NDU1M_86698/asn17210_Project_2_/asn17211_Project_2/work/catkin_ws/build/CMakeFiles/CMakeTmp'
make: *** [cmTryCompileExec883507930/fast] Error 2


